info: [verifyUser] 1/270 | notfound   dyud (4) 앙 26262626 855
info: [verifyUser] 2/270 | skip       dsada (5) 5545 45454545 856
info: [verifyUser] 3/270 | notfound   ㄱᆞㄱㄷㄱ (9) ㅋㄷㄱㄷ 10293766 855
info: [verifyUser] 4/270 | notfound   qweoyc0401 (10) 오유찬 짭 20030401 855
info: [verifyUser] 5/270 | skip       qwe (11) 454 45454545 856
info: [verifyUser] 6/270 | notfound   1111 (13) 나나 11112222 855
info: [verifyUser] 7/270 | notfound   123456 (28) 1234 12341234 855
info: [verifyUser] 8/270 | notfound   하이이이 (29) 하이이이 12312312 855
info: [verifyUser] 9/270 | notfound   gkdldl (30) gkdldl 45454545 855
info: [verifyUser] 10/270 | verify     woosuk0610 (33) 정우석 20020406 855
info: [verifyUser] 11/270 | notfound   ldk0204 (34) 이도경 20040204 855
info: [verifyUser] 12/270 | skip       eunxen (35) 최지훈 20040422 857
info: [verifyUser] 13/270 | notfound   thddnjseh  (37) 송원도 20020617 855
info: [verifyUser] 14/270 | verify     jwc0309 (38) 장원창 20030309 855
info: [verifyUser] 15/270 | notfound   khkfrise2 (39) 김해찬 20040304 855
info: [verifyUser] 16/270 | skip       Jangho0331 (40) 박장호 20040331 856
info: [verifyUser] 17/270 | notfound   namjh0713 (41) 남재현 20030713 855
info: [verifyUser] 18/270 | skip       conan0209 (42) 이승준 20030311 857
info: [verifyUser] 19/270 | skip       zbzba3 (43) 김영훈 20030421 856
info: [verifyUser] 20/270 | notfound   kkm001003 (44) 곽경모 20001003 855
info: [verifyUser] 21/270 | notfound   rpg3148 (45) 박현우 20030208 855
info: [verifyUser] 22/270 | notfound   epsilon1206 (46) 박정현 20030904 855
info: [verifyUser] 23/270 | notfound   carbbang9968 (47) 유승협 20040908 855
info: [verifyUser] 24/270 | verify     qudgus113 (48) 최병현 20031223 855
info: [verifyUser] 25/270 | notfound   moonsj1217 (49) 문승진 20041217 855
info: [verifyUser] 26/270 | skip       mindolstone (50) 김민석 20030705 856
info: [verifyUser] 27/270 | verify     0202shin (51) 신윤철 20030202 855
info: [verifyUser] 28/270 | notfound   phg030905 (52) 박희근 20030905 855
info: [verifyUser] 29/270 | notfound   KTH_ROKAF0406 (53) 김태현 20040602 855
info: [verifyUser] 30/270 | verify     hydosa04 (54) 황윤하 20040104 855
info: [verifyUser] 31/270 | notfound   cc8759 (55) 박종현 20031113 855
info: [verifyUser] 32/270 | skip       tntjd03 (56) 안수성 20030214 856
info: [verifyUser] 33/270 | notfound   shc4494 (57) 서현채 20031009 855
info: [verifyUser] 34/270 | notfound   js1044k (58) 김진수 20020801 855
info: [verifyUser] 35/270 | skip       mqnwen (59) 신승원 20051117 856
info: [verifyUser] 36/270 | skip       aa (60) 강민 20001231 857
info: [verifyUser] 37/270 | notfound   Paul0426 (61) 이민재 20050426 855
info: [verifyUser] 38/270 | skip       mingi0203 (62) 최민기 20030203 856
info: [verifyUser] 39/270 | verify     chaheayou (63) 차해유 20041221 855
info: [verifyUser] 40/270 | notfound   chris5966 (64) 박정현 20050206 855
info: [verifyUser] 41/270 | notfound   ldk001109 (65) 이도경 20001109 855
info: [verifyUser] 42/270 | notfound   paccjun (66) 김준영 20040427 855
info: [verifyUser] 43/270 | verify     choigod1023 (67) 장준혁 20021023 855
info: [verifyUser] 44/270 | verify     wonwu3926 (68) 조원우 20050603 855
info: [verifyUser] 45/270 | notfound   Minji0917 (69) 김민서 20020110 855
info: [verifyUser] 46/270 | notfound   minseo20c (70) 김민서 20020110 855
info: [verifyUser] 47/270 | notfound   dkelektm1106 (71) 신준서 20031106 855
info: [verifyUser] 48/270 | notfound   신준서 (72) 신준서 20031106 855
info: [verifyUser] 49/270 | notfound   dnckdgud1102 (73) 우창형 20041102 855
info: [verifyUser] 50/270 | notfound   kdh6608 (74) 김대현 20030227 855
info: [verifyUser] 51/270 | notfound   ppapkhs9999 (75) 경희수 20040316 855
info: [verifyUser] 52/270 | verify     jee9832 (76) 지준선 20020620 855
info: [verifyUser] 53/270 | notfound   thddnjseh7 (77) 송원도 20020617 855
info: [verifyUser] 54/270 | notfound   mireustin0829 (78) 서미르 20040829 855
info: [verifyUser] 55/270 | notfound   lmw123447 (79) 이민우 20030528 855
info: [verifyUser] 56/270 | notfound   jims28 (80) 박시호 20040228 855
info: [verifyUser] 57/270 | notfound   solomon0421  (81) 김시완 20030421 855
info: [verifyUser] 58/270 | verify     jmoonko23 (83) 고재문 19981107 855
info: [verifyUser] 59/270 | notfound   ansndnfn (84) 김수현 20030203 855
info: [verifyUser] 60/270 | notfound   arsenal2003 (85) 박현빈 20030911 855
info: [verifyUser] 61/270 | notfound   wonhee3512 (86) 원태경 20030811 855
info: [verifyUser] 62/270 | verify     audgh0314 (87) 임명호 20030314 855
info: [verifyUser] 63/270 | notfound   test12 (89) 테스트 12345678 855
info: [verifyUser] 64/270 | notfound   shyun3076 (90) 안성현 20030704 855
info: [verifyUser] 65/270 | notfound   김민재 (91) 김민재 20021221 855
info: [verifyUser] 66/270 | notfound   김민재0123 (92) 김민재 20021221 855
info: [verifyUser] 67/270 | skip       jjk805 (93) 정재경 20030805 856
info: [verifyUser] 68/270 | notfound   ruadl034 (94) 유태연 20030721 855
info: [verifyUser] 69/270 | skip       azasee77 (95) 이윤하 19980707 856
info: [verifyUser] 70/270 | skip       azasee (96) 이윤하 19980707 856
info: [verifyUser] 71/270 | verify     dyd4656 (97) 이준용 20030506 855
info: [verifyUser] 72/270 | notfound   kimsungho0307 (98) 김성호 20040307 855
info: [verifyUser] 73/270 | verify     hpeter0407 (99) 허윤제 20020407 855
info: [verifyUser] 74/270 | verify     hit_ay_ (102) 이희태 20030320 855
info: [verifyUser] 75/270 | verify     dltmdtn2032 (104) 이승수 20031122 855
info: [verifyUser] 76/270 | verify     5minet (105) 정재형 20020126 855
info: [verifyUser] 77/270 | notfound   tmddlf1004 (106) 오승일 20000904 855
info: [verifyUser] 78/270 | notfound   amel (107) 김태훈 20011212 855
info: [verifyUser] 79/270 | notfound   mc (108) 노영원 20040812 855
info: [verifyUser] 80/270 | verify     tmdgus234 (109) 이승현 20031127 855
info: [verifyUser] 81/270 | notfound   gse08108 (110) 손한세 20010828 855
info: [verifyUser] 82/270 | notfound   minkeonghon@naver.com (111) 민경훈 20030523 855
info: [verifyUser] 83/270 | notfound   민경훈 (112) 민경훈 20030523 855
info: [verifyUser] 84/270 | notfound   rudehd5541 (113) 김경동 20040219 855
info: [verifyUser] 85/270 | skip       4545 (114) 4545 45454545 856
info: [verifyUser] 86/270 | notfound   rhfksl (115) 박효서 20040423 855
info: [verifyUser] 87/270 | notfound   ckdduq1359 (116) 김창엽 20040423 855
info: [verifyUser] 88/270 | verify     choeunsang03 (117) 조은상 20030402 855
info: [verifyUser] 89/270 | notfound   djqkdch (118) 백성진 19981109 855
info: [verifyUser] 90/270 | notfound   sxsx0423 (119) 신영성 20030423 855
info: [verifyUser] 91/270 | verify     leeilwoo16 (120) 이일우 20030917 855
info: [verifyUser] 92/270 | verify     19nnnlyph (121) 이준우 20041019 855
info: [verifyUser] 93/270 | verify     elbert0410 (122) 이승원 20030410 855
info: [verifyUser] 94/270 | notfound   wasd (123) 박인호 20041101 855
info: [verifyUser] 95/270 | verify     mnk7890 (124) 정한결 20040220 855
info: [verifyUser] 96/270 | skip       hjuu0216 (125) 함형주 20040216 856
info: [verifyUser] 97/270 | skip       hjuu04 (126) 함형주 20040216 856
info: [verifyUser] 98/270 | verify     ksmin4347 (127) 최현민 20040330 855
info: [verifyUser] 99/270 | verify     ksminn4347 (128) 최현민 20040330 855
info: [verifyUser] 100/270 | notfound   gverence2016 (129) 김도윤 20010825 855
info: [verifyUser] 101/270 | verify     wash1256 (130) 이재영 20020108 855
info: [verifyUser] 102/270 | verify     rboy1225 (131) 이윤택 20031225 855
info: [verifyUser] 103/270 | notfound   onecap82 (132) 고민규 20031126 855
info: [verifyUser] 104/270 | skip       tallyforce (133) 이찬욱 20040818 856
info: [verifyUser] 105/270 | verify     hyunrio (134) 이현우 20031229 855
info: [verifyUser] 106/270 | verify     rticsx (135) 이종현 20031120 855
info: [verifyUser] 107/270 | notfound   yseok05 (136) 유연석 20050117 855
info: [verifyUser] 108/270 | verify     welly11 (137) 이현석 20031230 855
info: [verifyUser] 109/270 | notfound   sae0307  (138) 박세영 20040307 855
info: [verifyUser] 110/270 | notfound   taewan3425 (139) 권태완 20021212 855
info: [verifyUser] 111/270 | verify     karis687 (140) 이주형 20030602 855
info: [verifyUser] 112/270 | verify     karis (141) 이주형 20030602 855
info: [verifyUser] 113/270 | notfound   dahan5155 (142) 김다한 20040419 855
info: [verifyUser] 114/270 | notfound   jims2428 (143) 박시호 20040228 855
info: [verifyUser] 115/270 | verify     hansol031115 (144) 송우현 20020713 855
info: [verifyUser] 116/270 | verify     no13song (145) 송우현 20020713 855
info: [verifyUser] 117/270 | notfound   vegaqw27 (146) 박지훈 20040316 855
info: [verifyUser] 118/270 | verify     ljh0125 (147) 이정현 20030125 855
info: [verifyUser] 119/270 | verify     whitetiger (148) 이주현 20040210 855
info: [verifyUser] 120/270 | notfound   enendi414 (149) 남서윤 20030414 855
info: [verifyUser] 121/270 | notfound   mooneco21 (150) 문상준 20020427 855
info: [verifyUser] 122/270 | notfound   rhkdlf02 (151) 서광일 20020206 855
info: [verifyUser] 123/270 | notfound   rhkdlf021 (152) 서광일 20020206 855
info: [verifyUser] 124/270 | verify     hoyeong00 (153) 이호영 20040214 855
info: [verifyUser] 125/270 | verify     jungcy2003 (154) 정찬영 20031020 855
info: [verifyUser] 126/270 | notfound   boomkam1 (155) 박유범 20040108 855
info: [verifyUser] 127/270 | notfound   kjhkjskay (156) 김지환 20020327 855
info: [verifyUser] 128/270 | verify     koo2022 (157) 정승연 20030201 855
info: [verifyUser] 129/270 | verify     855air (158) 정승연 20030201 855
info: [verifyUser] 130/270 | verify     jungdw04 (159) 정동우 20040316 855
info: [verifyUser] 131/270 | notfound   pjw0530pjw (160) 박재원 20040530 855
info: [verifyUser] 132/270 | notfound   legundspk (161) 김동연 20030618 855
info: [verifyUser] 133/270 | notfound   donguri1213 (162) 왕동근 20031213 855
info: [verifyUser] 134/270 | verify     tangtan3 (163) 지세흠 20021206 855
info: [verifyUser] 135/270 | notfound   pqkrwls (164) 박진 20031104 855
info: [verifyUser] 136/270 | notfound   855 (165) 855 85585585 855
info: [verifyUser] 137/270 | notfound   corehfdl (166) 신수영 19990223 855
info: [verifyUser] 138/270 | notfound   yanghyeonbi (167) 양현비 20051105 855
info: [verifyUser] 139/270 | skip       lhv1203 (168) 이한빈 20031203 856
info: [verifyUser] 140/270 | notfound   kmk0718000 (169) 김민규 20030718 855
info: [verifyUser] 141/270 | notfound   etherethyl2 (170) 유성준 20030102 855
info: [verifyUser] 142/270 | notfound   mpgy3 (171) 서한결 20030610 855
info: [verifyUser] 143/270 | verify     pascal6273 (172) 전승환 20050214 855
info: [verifyUser] 144/270 | notfound   lgs030210 (173) 이기수 20030210 855
info: [verifyUser] 145/270 | notfound   theyoonx (175) 손서윤 20020424 855
info: [verifyUser] 146/270 | notfound   gyujeong (176) 이규정 20040208 855
info: [verifyUser] 147/270 | verify     honghj0510 (177) 홍현준 20030510 855
info: [verifyUser] 148/270 | notfound   rrrr0411 (178) 김호경 20050411 855
info: [verifyUser] 149/270 | verify     seojoon386 (179) 지서준 20030806 855
info: [verifyUser] 150/270 | notfound   iamnothuman (180) 윤영창 20030602 855
info: [verifyUser] 151/270 | notfound   mellon3838 (181) 오도현 20031114 855
info: [verifyUser] 152/270 | notfound   gaia0128 (182) 김영진 20030128 855
info: [verifyUser] 153/270 | notfound   ever0319 (183) 이건표 19980319 855
info: [verifyUser] 154/270 | notfound   abcic (184) 김태웅 20030605 855
info: [verifyUser] 155/270 | notfound   miracle7452 (185) 박재경 20040831 855
info: [verifyUser] 156/270 | notfound   kimgihun30 (186) 김기현 20020913 855
info: [verifyUser] 157/270 | notfound   sbs054 (187) 손범수 20040524 855
info: [verifyUser] 158/270 | verify     hb67 (188) 이홍범 19950607 855
info: [verifyUser] 159/270 | notfound   robin1967 (189) 김형준 20030221 855
info: [verifyUser] 160/270 | verify     sean050716 (190) 정성윤 20050716 855
info: [verifyUser] 161/270 | notfound   tyler208 (191) 유영학 20000208 855
info: [verifyUser] 162/270 | verify     mgjjjang4366 (192) 전민규 20031018 855
info: [verifyUser] 163/270 | notfound   sunjy98 (193) 선진영 19980113 855
info: [verifyUser] 164/270 | verify     ghost4624z (194) 전성휴 20031102 855
info: [verifyUser] 165/270 | notfound   yunkr0921 (195) 윤광렬 20030921 855
info: [verifyUser] 166/270 | notfound   서경록 (196) 서경록 20020602 855
info: [verifyUser] 167/270 | verify     choikang0607 (197) 최윤성 20030607 855
info: [verifyUser] 168/270 | notfound   superhans (198) 고성준 20030414 855
info: [verifyUser] 169/270 | notfound   beomseokpark (199) 박범석 20040127 855
info: [verifyUser] 170/270 | verify     dltmdwo0825 (200) 이승재 20030825 855
info: [verifyUser] 171/270 | notfound   hyeok9551 (201) 김승혁 19991203 855
info: [verifyUser] 172/270 | notfound   sji1009 (202) 신종인 20031009 855
info: [verifyUser] 173/270 | notfound   kmj30114 (203) 김민준 20030114 855
info: [verifyUser] 174/270 | notfound   vincent1009 (204) 신종인 20031009 855
info: [verifyUser] 175/270 | verify     jundawiz (205) 임준상 19971017 855
info: [verifyUser] 176/270 | notfound   rjswns80 (206) 김준희 20040325 855
info: [verifyUser] 177/270 | notfound   5175jin (207) 박성진 20020619 855
info: [verifyUser] 178/270 | verify     cho3253 (208) 조원진 20030912 855
info: [verifyUser] 179/270 | notfound   davidwon2372 (209) 원태현 20030107 855
info: [verifyUser] 180/270 | verify     junstar4661 (210) 이용준 20030427 855
info: [verifyUser] 181/270 | notfound   kang0918 (211) 강규현 20030918 855
info: [verifyUser] 182/270 | notfound   sangkyu2003 (212) 박상규 20031101 855
info: [verifyUser] 183/270 | verify     hwy0519 (213) 홍원영 20030519 855
info: [verifyUser] 184/270 | verify     andy0893 (214) 정형진 20030206 855
info: [verifyUser] 185/270 | verify     edgemine (215) 장선우 20031224 855
info: [verifyUser] 186/270 | skip       kswo0318 (216) 김성우 20051201 856
info: [verifyUser] 187/270 | notfound   tjrgusdn1234 (217) 석현우 20051129 855
info: [verifyUser] 188/270 | skip       kswo1201 (218) 김성우 20051201 856
info: [verifyUser] 189/270 | verify     pms9852  (219) 고재문 19981107 855
info: [verifyUser] 190/270 | skip       doosaneric (220) 이민형 20030719 856
info: [verifyUser] 191/270 | skip       doosaneric0719 (221) 이민형 20030719 856
info: [verifyUser] 192/270 | notfound   hyunmom7  (222) 김태현 20040602 855
info: [verifyUser] 193/270 | notfound   아쎄이준 (223) 정호연 20031020 855
info: [verifyUser] 194/270 | notfound   yungh2152 (224) 윤영창 20030602 855
info: [verifyUser] 195/270 | notfound   ghwls2003 (225) 서정빈 20030227 855
info: [verifyUser] 196/270 | notfound   linapotter0521 (226) 이도경 20001109 855
info: [verifyUser] 197/270 | verify     wnstj (227) 최준서 20040227 855
info: [verifyUser] 198/270 | skip       moonsj041217 (228) 문승진 20041217 856
info: [verifyUser] 199/270 | skip       gns2119 (229) 이훈 20040604 856
info: [verifyUser] 200/270 | notfound   alexpark14 (230) 박선호 20040201 855
info: [verifyUser] 201/270 | skip       856 (231) 8568 85688568 856
info: [verifyUser] 202/270 | verify     Chaesuhyoeg (232) 채수혁 20040913 855
info: [verifyUser] 203/270 | verify     seohyeon_2003 (233) 이주성 20040317 855
info: [verifyUser] 204/270 | notfound   전지성 (234) 이민혁 20030916 855
info: [verifyUser] 205/270 | notfound   민혁 (235) 이민혁 20030916 855
info: [verifyUser] 206/270 | notfound   kimgyumin1203 (236) 김규민 20031203 855
info: [verifyUser] 207/270 | verify     홍세명 (237) 홍세명 20031001 855
info: [verifyUser] 208/270 | notfound   joyce0423 (238) 배채영 20040924 855
info: [verifyUser] 209/270 | verify     boardwheelet (239) 황지수 20040516 855
info: [verifyUser] 210/270 | verify     dmschd (240) 최은총 20040617 855
info: [verifyUser] 211/270 | notfound   cybae0924 (241) 배채영 20040924 855
info: [verifyUser] 212/270 | notfound   dkswlsdud (242) 안진영 20031018 855
info: [verifyUser] 213/270 | notfound   simws0403 (243) 심우상 20040403 855
info: [verifyUser] 214/270 | verify     sy855 (244) 정승연 20030201 855
info: [verifyUser] 215/270 | verify     minkevin0506 (245) 한수민 20040506 855
info: [verifyUser] 216/270 | notfound   rlaqjatjr856 (246) 김범석 20040519 855
info: [verifyUser] 217/270 | notfound   fjoai1234 (247) 신윤섭 20030503 855
info: [verifyUser] 218/270 | verify     jsh3480 (248) 정성호 20041018 855
info: [verifyUser] 219/270 | verify     syksk0809 (249) 장민세 20031022 855
info: [verifyUser] 220/270 | verify     wlsdndl0302 (250) 이진우 20040302 855
info: [verifyUser] 221/270 | notfound   wldrbwkd (251) 양태규 20030527 855
info: [verifyUser] 222/270 | verify     xhlalsgur (252) 최민혁 20041202 855
info: [verifyUser] 223/270 | verify     oo1625 (253) 최우영 20040329 855
info: [verifyUser] 224/270 | notfound   kevin792400 (254) 안정훈 20040928 855
info: [verifyUser] 225/270 | notfound   good (255) good 12341234 855
info: [verifyUser] 226/270 | notfound   kwjs0815 (256) 오석형 20020909 855
info: [verifyUser] 227/270 | verify     hajeong2725 (258) 최일환 20040203 855
info: [verifyUser] 228/270 | skip       oyc0402 (259) 오유찬2 20030401 859
info: [verifyUser] 229/270 | skip       paul0616 (260) 안홍근 20000616 857
info: [verifyUser] 230/270 | notfound   bubbler0203 (261) 박민수 20020304 855
info: [verifyUser] 231/270 | notfound   kmj224488 (262) 박현성 20041009 855
info: [verifyUser] 232/270 | notfound   jieun (263) 박현성 20041009 855
info: [verifyUser] 233/270 | notfound   kjh41852 (264) 김재형 20030814 855
info: [verifyUser] 234/270 | skip       paulahn0616 (265) 안홍근 20000616 857
info: [verifyUser] 235/270 | notfound   공익분대장권영빈 (266) 김건희 20031124 855
info: [verifyUser] 236/270 | verify     whtjsqls5744 (267) 조근호 20040514 855
info: [verifyUser] 237/270 | notfound   hsung8560 (268) 박현성 20041009 855
info: [verifyUser] 238/270 | verify     nabot (269) 이주성 20040317 855
info: [verifyUser] 239/270 | notfound   Rkdwhddbs001 (270) 강종윤 20041014 855
info: [verifyUser] 240/270 | verify     asdf020340 (271) 최일환 20040203 855
info: [verifyUser] 241/270 | notfound   skd1056 (272) 남형민 20030704 855
info: [verifyUser] 242/270 | verify     csj7000 (273) 최성준 20030117 855
info: [verifyUser] 243/270 | verify     scsj1029 (274) 홍재준 20021029 855
info: [verifyUser] 244/270 | verify     jxjun11 (275) 홍재준 20021029 855
info: [verifyUser] 245/270 | notfound   zlflddl (276) 김동성 20030414 855
info: [verifyUser] 246/270 | verify     lcu8342 (277) 이창은 20040610 855
info: [verifyUser] 247/270 | verify     hotiger337 (278) 이준호 20040911 855
info: [verifyUser] 248/270 | verify     choyoonkwon (279) 조윤권 20040226 855
info: [verifyUser] 249/270 | verify     stoicism0847 (280) 조태현 20040318 855
info: [verifyUser] 250/270 | verify     jobms12345 (281) 황준현 20040702 855
info: [verifyUser] 251/270 | notfound   kkomji0202 (282) 김민준 20040202 855
info: [verifyUser] 252/270 | notfound   junjun6965 (283) 백준열 20031005 855
info: [verifyUser] 253/270 | verify     syyun4411 (284) 이주성 20040317 855
info: [verifyUser] 254/270 | verify     wkdrjsgml1119 (285) 장건희 20041119 855
info: [verifyUser] 255/270 | notfound   kms24o2 (286) 김민석 19991128 855
info: [verifyUser] 256/270 | notfound   pweey3899 (287) 김단효 20040317 855
info: [verifyUser] 257/270 | notfound   dhgustjr5575 (288) 오현석 20030317 855
info: [verifyUser] 258/270 | verify     E50M (289) 최승연 20030226 855
info: [verifyUser] 259/270 | verify     eve1977 (290) 장건희 20041119 855
info: [verifyUser] 260/270 | notfound   wdde12 (291) 김민재 20040709 855
info: [verifyUser] 261/270 | notfound   harryhoney (292) 김정헌 20040407 855
info: [verifyUser] 262/270 | notfound   gurwnwn999 (293) 김혁주 20040415 855
info: [verifyUser] 263/270 | notfound   jims24282 (294) 박시호 20040228 855
info: [verifyUser] 264/270 | notfound   mplmu7 (295) 김보승 20050113 855
info: [verifyUser] 265/270 | notfound   kangbug (296) 강지훈 20040421 855
info: [verifyUser] 266/270 | notfound   xelnni (297) 박진영 20040806 855
info: [verifyUser] 267/270 | notfound   bjw1450 (298) 김민재 20040709 855
info: [verifyUser] 268/270 | verify     LSK0112  (299) 이승규 20030112 855
info: [verifyUser] 269/270 | verify     LSK0112 (300) 이승규 20030112 855
info: [verifyUser] 270/270 | notfound   bcy1976 (301) 박진영 20040806 855
info: [verifyUser] verify: 88, notfound: 153, skip: 29 unidentify: 0 missing:0

postid: 18	
woosuk0610 (33)

갓서 4번보내짐?
pw:0406